<?xml version="1.0" encoding="UTF-8"?>
<!-- Generated by org.testng.reporters.JUnitReportReporter -->
<testsuite skipped="0" hostname="Aspire1698" name="com.sheplers.testscripts.myaccount.PaymentMethodSettings" tests="14" failures="0" timestamp="28 Jul 2017 23:49:50 GMT" time="595.276" errors="0">
  <testcase name="TC_SHEPLERS_PMS_008" time="38.140" classname="com.sheplers.testscripts.myaccount.PaymentMethodSettings"/>
  <testcase name="TC_SHEPLERS_PMS_005" time="30.821" classname="com.sheplers.testscripts.myaccount.PaymentMethodSettings"/>
  <testcase name="TC_SHEPLERS_PMS_014" time="42.015" classname="com.sheplers.testscripts.myaccount.PaymentMethodSettings"/>
  <testcase name="TC_SHEPLERS_PMS_007" time="114.135" classname="com.sheplers.testscripts.myaccount.PaymentMethodSettings"/>
  <testcase name="TC_SHEPLERS_PMS_015" time="46.103" classname="com.sheplers.testscripts.myaccount.PaymentMethodSettings"/>
  <testcase name="TC_SHEPLERS_PMS_003" time="32.050" classname="com.sheplers.testscripts.myaccount.PaymentMethodSettings"/>
  <testcase name="TC_SHEPLERS_PMS_004" time="33.953" classname="com.sheplers.testscripts.myaccount.PaymentMethodSettings"/>
  <testcase name="TC_SHEPLERS_PMS_009" time="43.527" classname="com.sheplers.testscripts.myaccount.PaymentMethodSettings"/>
  <testcase name="TC_SHEPLERS_PMS_006" time="37.320" classname="com.sheplers.testscripts.myaccount.PaymentMethodSettings"/>
  <testcase name="TC_SHEPLERS_PMS_012" time="29.717" classname="com.sheplers.testscripts.myaccount.PaymentMethodSettings"/>
  <testcase name="TC_SHEPLERS_PMS_001" time="38.356" classname="com.sheplers.testscripts.myaccount.PaymentMethodSettings"/>
  <testcase name="TC_SHEPLERS_PMS_010" time="36.529" classname="com.sheplers.testscripts.myaccount.PaymentMethodSettings"/>
  <testcase name="TC_SHEPLERS_PMS_013" time="37.941" classname="com.sheplers.testscripts.myaccount.PaymentMethodSettings"/>
  <testcase name="TC_SHEPLERS_PMS_002" time="34.669" classname="com.sheplers.testscripts.myaccount.PaymentMethodSettings"/>
</testsuite> <!-- com.sheplers.testscripts.myaccount.PaymentMethodSettings -->
