<?xml version="1.0" encoding="UTF-8"?>
<!-- Generated by org.testng.reporters.JUnitReportReporter -->
<testsuite skipped="0" hostname="Aspire1698" name="com.sheplers.testscripts.globalnavigation.Footers" tests="31" failures="0" timestamp="28 Jul 2017 23:49:50 GMT" time="509.322" errors="0">
  <testcase name="TC_SHEPLERS_FOOTERS_004" time="15.781" classname="com.sheplers.testscripts.globalnavigation.Footers"/>
  <testcase name="TC_SHEPLERS_FOOTERS_032" time="20.658" classname="com.sheplers.testscripts.globalnavigation.Footers"/>
  <testcase name="TC_SHEPLERS_FOOTERS_026" time="13.649" classname="com.sheplers.testscripts.globalnavigation.Footers"/>
  <testcase name="TC_SHEPLERS_FOOTERS_027" time="17.462" classname="com.sheplers.testscripts.globalnavigation.Footers"/>
  <testcase name="TC_SHEPLERS_FOOTERS_019" time="15.895" classname="com.sheplers.testscripts.globalnavigation.Footers"/>
  <testcase name="TC_SHEPLERS_FOOTERS_001" time="11.526" classname="com.sheplers.testscripts.globalnavigation.Footers"/>
  <testcase name="TC_SHEPLERS_FOOTERS_021" time="16.336" classname="com.sheplers.testscripts.globalnavigation.Footers"/>
  <testcase name="TC_SHEPLERS_FOOTERS_029" time="21.817" classname="com.sheplers.testscripts.globalnavigation.Footers"/>
  <testcase name="TC_SHEPLERS_FOOTERS_015" time="15.374" classname="com.sheplers.testscripts.globalnavigation.Footers"/>
  <testcase name="TC_SHEPLERS_FOOTERS_007" time="11.733" classname="com.sheplers.testscripts.globalnavigation.Footers"/>
  <testcase name="TC_SHEPLERS_FOOTERS_010" time="20.968" classname="com.sheplers.testscripts.globalnavigation.Footers"/>
  <testcase name="TC_SHEPLERS_FOOTERS_011" time="19.007" classname="com.sheplers.testscripts.globalnavigation.Footers"/>
  <testcase name="TC_SHEPLERS_FOOTERS_003" time="15.773" classname="com.sheplers.testscripts.globalnavigation.Footers"/>
  <testcase name="TC_SHEPLERS_FOOTERS_009" time="14.327" classname="com.sheplers.testscripts.globalnavigation.Footers"/>
  <testcase name="TC_SHEPLERS_FOOTERS_031" time="14.189" classname="com.sheplers.testscripts.globalnavigation.Footers"/>
  <testcase name="TC_SHEPLERS_FOOTERS_018" time="15.865" classname="com.sheplers.testscripts.globalnavigation.Footers"/>
  <testcase name="TC_SHEPLERS_FOOTERS_008" time="13.885" classname="com.sheplers.testscripts.globalnavigation.Footers"/>
  <testcase name="TC_SHEPLERS_FOOTERS_014" time="15.805" classname="com.sheplers.testscripts.globalnavigation.Footers"/>
  <testcase name="TC_SHEPLERS_FOOTERS_016" time="16.516" classname="com.sheplers.testscripts.globalnavigation.Footers"/>
  <testcase name="TC_SHEPLERS_FOOTERS_020" time="16.412" classname="com.sheplers.testscripts.globalnavigation.Footers"/>
  <testcase name="TC_SHEPLERS_FOOTERS_025" time="15.248" classname="com.sheplers.testscripts.globalnavigation.Footers"/>
  <testcase name="TC_SHEPLERS_FOOTERS_012" time="20.948" classname="com.sheplers.testscripts.globalnavigation.Footers"/>
  <testcase name="TC_SHEPLERS_FOOTERS_034" time="19.432" classname="com.sheplers.testscripts.globalnavigation.Footers"/>
  <testcase name="TC_SHEPLERS_FOOTERS_005" time="15.543" classname="com.sheplers.testscripts.globalnavigation.Footers"/>
  <testcase name="TC_SHEPLERS_FOOTERS_006" time="15.674" classname="com.sheplers.testscripts.globalnavigation.Footers"/>
  <testcase name="TC_SHEPLERS_FOOTERS_002" time="14.637" classname="com.sheplers.testscripts.globalnavigation.Footers"/>
  <testcase name="TC_SHEPLERS_FOOTERS_013" time="21.748" classname="com.sheplers.testscripts.globalnavigation.Footers"/>
  <testcase name="TC_SHEPLERS_FOOTERS_017" time="19.615" classname="com.sheplers.testscripts.globalnavigation.Footers"/>
  <testcase name="TC_SHEPLERS_FOOTERS_028" time="11.806" classname="com.sheplers.testscripts.globalnavigation.Footers"/>
  <testcase name="TC_SHEPLERS_FOOTERS_033" time="20.193" classname="com.sheplers.testscripts.globalnavigation.Footers"/>
  <testcase name="TC_SHEPLERS_FOOTERS_030" time="11.500" classname="com.sheplers.testscripts.globalnavigation.Footers"/>
</testsuite> <!-- com.sheplers.testscripts.globalnavigation.Footers -->
