<?xml version="1.0" encoding="UTF-8"?>
<!-- Generated by org.testng.reporters.JUnitReportReporter -->
<testsuite skipped="0" hostname="Aspire1698" name="com.sheplers.testscripts.cartcheckoutsection.CartItems" tests="19" failures="1" timestamp="28 Jul 2017 23:49:50 GMT" time="1920.027" errors="0">
  <testcase name="TC_SHEPLERS_CI_016" time="79.911" classname="com.sheplers.testscripts.cartcheckoutsection.CartItems"/>
  <testcase name="TC_SHEPLERS_CI_003" time="153.132" classname="com.sheplers.testscripts.cartcheckoutsection.CartItems"/>
  <testcase name="TC_SHEPLERS_CI_015" time="43.150" classname="com.sheplers.testscripts.cartcheckoutsection.CartItems">
    <failure type="java.lang.AssertionError" message="Cart page did not open up.">
      <![CDATA[java.lang.AssertionError: Cart page did not open up.
	at org.testng.Assert.fail(Assert.java:93)
	at com.sheplers.support.Log.fail(Log.java:514)
	at com.sheplers.pages.CartPage.isLoaded(CartPage.java:697)
	at org.openqa.selenium.support.ui.LoadableComponent.get(LoadableComponent.java:52)
	at com.sheplers.pages.PdpPage.addProductToCart(PdpPage.java:776)
	at com.sheplers.testscripts.cartcheckoutsection.CartItems.TC_SHEPLERS_CI_015(CartItems.java:1882)
	at sun.reflect.NativeMethodAccessorImpl.invoke0(Native Method)
	at sun.reflect.NativeMethodAccessorImpl.invoke(Unknown Source)
	at sun.reflect.DelegatingMethodAccessorImpl.invoke(Unknown Source)
	at java.lang.reflect.Method.invoke(Unknown Source)
	at org.testng.internal.MethodInvocationHelper.invokeMethod(MethodInvocationHelper.java:108)
	at org.testng.internal.Invoker.invokeMethod(Invoker.java:661)
	at org.testng.internal.Invoker.invokeTestMethod(Invoker.java:869)
	at org.testng.internal.TestMethodWithDataProviderMethodWorker.call(TestMethodWithDataProviderMethodWorker.java:75)
	at org.testng.internal.TestMethodWithDataProviderMethodWorker.call(TestMethodWithDataProviderMethodWorker.java:14)
	at java.util.concurrent.FutureTask.run(Unknown Source)
	at java.util.concurrent.Executors$RunnableAdapter.call(Unknown Source)
	at java.util.concurrent.FutureTask.run(Unknown Source)
	at java.util.concurrent.ThreadPoolExecutor.runWorker(Unknown Source)
	at java.util.concurrent.ThreadPoolExecutor$Worker.run(Unknown Source)
	at java.lang.Thread.run(Unknown Source)
]]>
    </failure>
  </testcase> <!-- TC_SHEPLERS_CI_015 -->
  <testcase name="TC_SHEPLERS_CI_006" time="71.364" classname="com.sheplers.testscripts.cartcheckoutsection.CartItems"/>
  <testcase name="TC_SHEPLERS_CI_011" time="138.869" classname="com.sheplers.testscripts.cartcheckoutsection.CartItems"/>
  <testcase name="TC_SHEPLERS_CI_014" time="101.427" classname="com.sheplers.testscripts.cartcheckoutsection.CartItems"/>
  <testcase name="TC_SHEPLERS_CI_008" time="142.847" classname="com.sheplers.testscripts.cartcheckoutsection.CartItems"/>
  <testcase name="TC_SHEPLERS_CI_002" time="107.657" classname="com.sheplers.testscripts.cartcheckoutsection.CartItems"/>
  <testcase name="TC_SHEPLERS_CI_001" time="82.008" classname="com.sheplers.testscripts.cartcheckoutsection.CartItems"/>
  <testcase name="TC_SHEPLERS_CI_012" time="108.141" classname="com.sheplers.testscripts.cartcheckoutsection.CartItems"/>
  <testcase name="TC_SHEPLERS_CI_019" time="80.344" classname="com.sheplers.testscripts.cartcheckoutsection.CartItems"/>
  <testcase name="TC_SHEPLERS_CI_013" time="119.395" classname="com.sheplers.testscripts.cartcheckoutsection.CartItems"/>
  <testcase name="TC_SHEPLERS_CI_009" time="112.771" classname="com.sheplers.testscripts.cartcheckoutsection.CartItems"/>
  <testcase name="TC_SHEPLERS_CI_018" time="80.666" classname="com.sheplers.testscripts.cartcheckoutsection.CartItems"/>
  <testcase name="TC_SHEPLERS_CI_017" time="58.077" classname="com.sheplers.testscripts.cartcheckoutsection.CartItems"/>
  <testcase name="TC_SHEPLERS_CI_010" time="130.461" classname="com.sheplers.testscripts.cartcheckoutsection.CartItems"/>
  <testcase name="TC_SHEPLERS_CI_004" time="113.779" classname="com.sheplers.testscripts.cartcheckoutsection.CartItems"/>
  <testcase name="TC_SHEPLERS_CI_007" time="72.132" classname="com.sheplers.testscripts.cartcheckoutsection.CartItems"/>
  <testcase name="TC_SHEPLERS_CI_005" time="123.896" classname="com.sheplers.testscripts.cartcheckoutsection.CartItems"/>
</testsuite> <!-- com.sheplers.testscripts.cartcheckoutsection.CartItems -->
