<?xml version="1.0" encoding="UTF-8"?>
<!-- Generated by org.testng.reporters.JUnitReportReporter -->
<testsuite skipped="0" hostname="Aspire1698" name="com.sheplers.testscripts.myaccount.AccountCreation" tests="29" failures="1" timestamp="28 Jul 2017 23:49:50 GMT" time="1298.967" errors="0">
  <testcase name="TC_SHEPLERS_ACE_022" time="43.009" classname="com.sheplers.testscripts.myaccount.AccountCreation"/>
  <testcase name="TC_SHEPLERS_ACE_017" time="45.692" classname="com.sheplers.testscripts.myaccount.AccountCreation"/>
  <testcase name="TC_SHEPLERS_ACE_009" time="45.003" classname="com.sheplers.testscripts.myaccount.AccountCreation"/>
  <testcase name="TC_SHEPLERS_ACE_011" time="48.610" classname="com.sheplers.testscripts.myaccount.AccountCreation"/>
  <testcase name="TC_SHEPLERS_ACE_016" time="70.411" classname="com.sheplers.testscripts.myaccount.AccountCreation"/>
  <testcase name="TC_SHEPLERS_ACE_003" time="20.302" classname="com.sheplers.testscripts.myaccount.AccountCreation"/>
  <testcase name="TC_SHEPLERS_ACE_001" time="14.949" classname="com.sheplers.testscripts.myaccount.AccountCreation"/>
  <testcase name="TC_SHEPLERS_ACE_021" time="31.959" classname="com.sheplers.testscripts.myaccount.AccountCreation"/>
  <testcase name="TC_SHEPLERS_ACE_025" time="15.881" classname="com.sheplers.testscripts.myaccount.AccountCreation"/>
  <testcase name="TC_SHEPLERS_ACE_012" time="52.493" classname="com.sheplers.testscripts.myaccount.AccountCreation"/>
  <testcase name="TC_SHEPLERS_ACE_030" time="122.244" classname="com.sheplers.testscripts.myaccount.AccountCreation"/>
  <testcase name="TC_SHEPLERS_ACE_002" time="25.857" classname="com.sheplers.testscripts.myaccount.AccountCreation"/>
  <testcase name="TC_SHEPLERS_ACE_027" time="15.194" classname="com.sheplers.testscripts.myaccount.AccountCreation"/>
  <testcase name="TC_SHEPLERS_ACE_019" time="54.480" classname="com.sheplers.testscripts.myaccount.AccountCreation"/>
  <testcase name="TC_SHEPLERS_ACE_014" time="67.291" classname="com.sheplers.testscripts.myaccount.AccountCreation"/>
  <testcase name="TC_SHEPLERS_ACE_031" time="27.563" classname="com.sheplers.testscripts.myaccount.AccountCreation"/>
  <testcase name="TC_SHEPLERS_ACE_013" time="50.193" classname="com.sheplers.testscripts.myaccount.AccountCreation"/>
  <testcase name="TC_SHEPLERS_ACE_007" time="39.355" classname="com.sheplers.testscripts.myaccount.AccountCreation"/>
  <testcase name="TC_SHEPLERS_ACE_004" time="39.869" classname="com.sheplers.testscripts.myaccount.AccountCreation">
    <failure type="java.lang.AssertionError" message="My Account page did not open up.">
      <![CDATA[java.lang.AssertionError: My Account page did not open up.
	at org.testng.Assert.fail(Assert.java:93)
	at com.sheplers.support.Log.fail(Log.java:514)
	at com.sheplers.pages.MyAccountPage.isLoaded(MyAccountPage.java:236)
	at org.openqa.selenium.support.ui.LoadableComponent.get(LoadableComponent.java:52)
	at com.sheplers.pages.SignIn.createAccount(SignIn.java:432)
	at com.sheplers.testscripts.myaccount.AccountCreation.TC_SHEPLERS_ACE_004(AccountCreation.java:328)
	at sun.reflect.NativeMethodAccessorImpl.invoke0(Native Method)
	at sun.reflect.NativeMethodAccessorImpl.invoke(Unknown Source)
	at sun.reflect.DelegatingMethodAccessorImpl.invoke(Unknown Source)
	at java.lang.reflect.Method.invoke(Unknown Source)
	at org.testng.internal.MethodInvocationHelper.invokeMethod(MethodInvocationHelper.java:108)
	at org.testng.internal.Invoker.invokeMethod(Invoker.java:661)
	at org.testng.internal.Invoker.invokeTestMethod(Invoker.java:869)
	at org.testng.internal.TestMethodWithDataProviderMethodWorker.call(TestMethodWithDataProviderMethodWorker.java:75)
	at org.testng.internal.TestMethodWithDataProviderMethodWorker.call(TestMethodWithDataProviderMethodWorker.java:14)
	at java.util.concurrent.FutureTask.run(Unknown Source)
	at java.util.concurrent.Executors$RunnableAdapter.call(Unknown Source)
	at java.util.concurrent.FutureTask.run(Unknown Source)
	at java.util.concurrent.ThreadPoolExecutor.runWorker(Unknown Source)
	at java.util.concurrent.ThreadPoolExecutor$Worker.run(Unknown Source)
	at java.lang.Thread.run(Unknown Source)
]]>
    </failure>
  </testcase> <!-- TC_SHEPLERS_ACE_004 -->
  <testcase name="TC_SHEPLERS_ACE_005" time="32.669" classname="com.sheplers.testscripts.myaccount.AccountCreation"/>
  <testcase name="TC_SHEPLERS_ACE_029" time="60.477" classname="com.sheplers.testscripts.myaccount.AccountCreation"/>
  <testcase name="TC_SHEPLERS_ACE_008" time="49.323" classname="com.sheplers.testscripts.myaccount.AccountCreation"/>
  <testcase name="TC_SHEPLERS_ACE_028" time="15.628" classname="com.sheplers.testscripts.myaccount.AccountCreation"/>
  <testcase name="TC_SHEPLERS_ACE_024" time="53.488" classname="com.sheplers.testscripts.myaccount.AccountCreation"/>
  <testcase name="TC_SHEPLERS_ACE_006" time="44.307" classname="com.sheplers.testscripts.myaccount.AccountCreation"/>
  <testcase name="TC_SHEPLERS_ACE_015" time="68.173" classname="com.sheplers.testscripts.myaccount.AccountCreation"/>
  <testcase name="TC_SHEPLERS_ACE_018" time="48.396" classname="com.sheplers.testscripts.myaccount.AccountCreation"/>
  <testcase name="TC_SHEPLERS_ACE_023" time="44.875" classname="com.sheplers.testscripts.myaccount.AccountCreation"/>
  <testcase name="TC_SHEPLERS_ACE_010" time="51.276" classname="com.sheplers.testscripts.myaccount.AccountCreation"/>
</testsuite> <!-- com.sheplers.testscripts.myaccount.AccountCreation -->
