<?xml version="1.0" encoding="UTF-8"?>
<!-- Generated by org.testng.reporters.JUnitReportReporter -->
<testsuite skipped="0" hostname="Aspire1698" name="com.sheplers.testscripts.categorypage.BrandsTreePage" tests="8" failures="0" timestamp="28 Jul 2017 23:49:50 GMT" time="191.675" errors="0">
  <testcase name="TC_SHEPLERS_BRTPS_002" time="42.736" classname="com.sheplers.testscripts.categorypage.BrandsTreePage"/>
  <testcase name="TC_SHEPLERS_BRTPS_006" time="20.179" classname="com.sheplers.testscripts.categorypage.BrandsTreePage"/>
  <testcase name="TC_SHEPLERS_BRTPS_004" time="21.348" classname="com.sheplers.testscripts.categorypage.BrandsTreePage"/>
  <testcase name="TC_SHEPLERS_BRTPS_017" time="19.963" classname="com.sheplers.testscripts.categorypage.BrandsTreePage"/>
  <testcase name="TC_SHEPLERS_BRTPS_007" time="19.642" classname="com.sheplers.testscripts.categorypage.BrandsTreePage"/>
  <testcase name="TC_SHEPLERS_BRTPS_003" time="20.919" classname="com.sheplers.testscripts.categorypage.BrandsTreePage"/>
  <testcase name="TC_SHEPLERS_BRTPS_001" time="18.396" classname="com.sheplers.testscripts.categorypage.BrandsTreePage"/>
  <testcase name="TC_SHEPLERS_BRTPS_005" time="28.492" classname="com.sheplers.testscripts.categorypage.BrandsTreePage"/>
</testsuite> <!-- com.sheplers.testscripts.categorypage.BrandsTreePage -->
