<?xml version="1.0" encoding="UTF-8"?>
<!-- Generated by org.testng.reporters.JUnitReportReporter -->
<testsuite skipped="0" hostname="Aspire1698" name="com.sheplers.testscripts.globalnavigation.Headers" tests="21" failures="0" timestamp="28 Jul 2017 23:49:50 GMT" time="357.554" errors="0">
  <testcase name="TC_SHEPLERS_HEADERS_004" time="11.649" classname="com.sheplers.testscripts.globalnavigation.Headers"/>
  <testcase name="TC_SHEPLERS_HEADERS_007" time="10.476" classname="com.sheplers.testscripts.globalnavigation.Headers"/>
  <testcase name="TC_SHEPLERS_HEADERS_008" time="33.989" classname="com.sheplers.testscripts.globalnavigation.Headers"/>
  <testcase name="TC_SHEPLERS_HEADERS_013" time="19.973" classname="com.sheplers.testscripts.globalnavigation.Headers"/>
  <testcase name="TC_SHEPLERS_HEADERS_023" time="13.657" classname="com.sheplers.testscripts.globalnavigation.Headers"/>
  <testcase name="TC_SHEPLERS_HEADERS_016" time="45.595" classname="com.sheplers.testscripts.globalnavigation.Headers"/>
  <testcase name="TC_SHEPLERS_HEADERS_006" time="10.765" classname="com.sheplers.testscripts.globalnavigation.Headers"/>
  <testcase name="TC_SHEPLERS_HEADERS_024" time="25.464" classname="com.sheplers.testscripts.globalnavigation.Headers"/>
  <testcase name="TC_SHEPLERS_HEADERS_011" time="9.447" classname="com.sheplers.testscripts.globalnavigation.Headers"/>
  <testcase name="TC_SHEPLERS_HEADERS_003" time="6.449" classname="com.sheplers.testscripts.globalnavigation.Headers"/>
  <testcase name="TC_SHEPLERS_HEADERS_005" time="9.785" classname="com.sheplers.testscripts.globalnavigation.Headers"/>
  <testcase name="TC_SHEPLERS_HEADERS_018" time="19.380" classname="com.sheplers.testscripts.globalnavigation.Headers"/>
  <testcase name="TC_SHEPLERS_HEADERS_014" time="67.335" classname="com.sheplers.testscripts.globalnavigation.Headers"/>
  <testcase name="TC_SHEPLERS_HEADERS_010" time="6.089" classname="com.sheplers.testscripts.globalnavigation.Headers"/>
  <testcase name="TC_SHEPLERS_HEADERS_012" time="7.794" classname="com.sheplers.testscripts.globalnavigation.Headers"/>
  <testcase name="TC_SHEPLERS_HEADERS_015" time="21.257" classname="com.sheplers.testscripts.globalnavigation.Headers"/>
  <testcase name="TC_SHEPLERS_HEADERS_001" time="5.764" classname="com.sheplers.testscripts.globalnavigation.Headers"/>
  <testcase name="TC_SHEPLERS_HEADERS_022" time="6.167" classname="com.sheplers.testscripts.globalnavigation.Headers"/>
  <testcase name="TC_SHEPLERS_HEADERS_017" time="8.496" classname="com.sheplers.testscripts.globalnavigation.Headers"/>
  <testcase name="TC_SHEPLERS_HEADERS_009" time="9.491" classname="com.sheplers.testscripts.globalnavigation.Headers"/>
  <testcase name="TC_SHEPLERS_HEADERS_002" time="8.532" classname="com.sheplers.testscripts.globalnavigation.Headers"/>
</testsuite> <!-- com.sheplers.testscripts.globalnavigation.Headers -->
