<?xml version="1.0" encoding="UTF-8"?>
<!-- Generated by org.testng.reporters.JUnitReportReporter -->
<testsuite skipped="0" hostname="Aspire1698" name="com.sheplers.testscripts.categorypage.CategoryLanding" tests="16" failures="0" timestamp="28 Jul 2017 23:49:50 GMT" time="590.327" errors="0">
  <testcase name="TC_SHEPLERS_CLS_014" time="58.049" classname="com.sheplers.testscripts.categorypage.CategoryLanding"/>
  <testcase name="TC_SHEPLERS_CLS_006" time="25.769" classname="com.sheplers.testscripts.categorypage.CategoryLanding"/>
  <testcase name="TC_SHEPLERS_CLS_015" time="67.629" classname="com.sheplers.testscripts.categorypage.CategoryLanding"/>
  <testcase name="TC_SHEPLERS_CLS_008" time="32.584" classname="com.sheplers.testscripts.categorypage.CategoryLanding"/>
  <testcase name="TC_SHEPLERS_CLS_003" time="26.076" classname="com.sheplers.testscripts.categorypage.CategoryLanding"/>
  <testcase name="TC_SHEPLERS_CLS_011" time="23.741" classname="com.sheplers.testscripts.categorypage.CategoryLanding"/>
  <testcase name="TC_SHEPLERS_CLS_012" time="45.613" classname="com.sheplers.testscripts.categorypage.CategoryLanding"/>
  <testcase name="TC_SHEPLERS_CLS_013" time="61.749" classname="com.sheplers.testscripts.categorypage.CategoryLanding"/>
  <testcase name="TC_SHEPLERS_CLS_009" time="49.394" classname="com.sheplers.testscripts.categorypage.CategoryLanding"/>
  <testcase name="TC_SHEPLERS_CLS_022" time="24.566" classname="com.sheplers.testscripts.categorypage.CategoryLanding"/>
  <testcase name="TC_SHEPLERS_CLS_007" time="24.903" classname="com.sheplers.testscripts.categorypage.CategoryLanding"/>
  <testcase name="TC_SHEPLERS_CLS_004" time="32.826" classname="com.sheplers.testscripts.categorypage.CategoryLanding"/>
  <testcase name="TC_SHEPLERS_CLS_002" time="23.738" classname="com.sheplers.testscripts.categorypage.CategoryLanding"/>
  <testcase name="TC_SHEPLERS_CLS_001" time="45.443" classname="com.sheplers.testscripts.categorypage.CategoryLanding"/>
  <testcase name="TC_SHEPLERS_CLS_010" time="24.634" classname="com.sheplers.testscripts.categorypage.CategoryLanding"/>
  <testcase name="TC_SHEPLERS_CLS_005" time="23.613" classname="com.sheplers.testscripts.categorypage.CategoryLanding"/>
</testsuite> <!-- com.sheplers.testscripts.categorypage.CategoryLanding -->
