<?xml version="1.0" encoding="UTF-8"?>
<!-- Generated by org.testng.reporters.JUnitReportReporter -->
<testsuite skipped="0" hostname="Aspire1698" name="com.sheplers.testscripts.myaccount.AccountNavigation" tests="9" failures="0" timestamp="28 Jul 2017 23:49:50 GMT" time="265.263" errors="0">
  <testcase name="TC_SHEPLERS_AN_004" time="21.794" classname="com.sheplers.testscripts.myaccount.AccountNavigation"/>
  <testcase name="TC_SHEPLERS_AN_001" time="21.591" classname="com.sheplers.testscripts.myaccount.AccountNavigation"/>
  <testcase name="TC_SHEPLERS_AN_006" time="41.437" classname="com.sheplers.testscripts.myaccount.AccountNavigation"/>
  <testcase name="TC_SHEPLERS_AN_002" time="26.983" classname="com.sheplers.testscripts.myaccount.AccountNavigation"/>
  <testcase name="TC_SHEPLERS_AN_003" time="23.692" classname="com.sheplers.testscripts.myaccount.AccountNavigation"/>
  <testcase name="TC_SHEPLERS_AN_008" time="41.494" classname="com.sheplers.testscripts.myaccount.AccountNavigation"/>
  <testcase name="TC_SHEPLERS_AN_005" time="28.501" classname="com.sheplers.testscripts.myaccount.AccountNavigation"/>
  <testcase name="TC_SHEPLERS_AN_009" time="31.743" classname="com.sheplers.testscripts.myaccount.AccountNavigation"/>
  <testcase name="TC_SHEPLERS_AN_007" time="28.028" classname="com.sheplers.testscripts.myaccount.AccountNavigation"/>
</testsuite> <!-- com.sheplers.testscripts.myaccount.AccountNavigation -->
