<?xml version="1.0" encoding="UTF-8"?>
<!-- Generated by org.testng.reporters.JUnitReportReporter -->
<testsuite skipped="0" hostname="Aspire1698" name="com.sheplers.testscripts.myaccount.SignInPage" tests="7" failures="0" timestamp="28 Jul 2017 23:49:50 GMT" time="146.047" errors="0">
  <testcase name="TC_SHEPLERS_SIP_001" time="16.707" classname="com.sheplers.testscripts.myaccount.SignInPage"/>
  <testcase name="TC_SHEPLERS_SIP_007" time="20.103" classname="com.sheplers.testscripts.myaccount.SignInPage"/>
  <testcase name="TC_SHEPLERS_SIP_003" time="25.089" classname="com.sheplers.testscripts.myaccount.SignInPage"/>
  <testcase name="TC_SHEPLERS_SIP_006" time="19.849" classname="com.sheplers.testscripts.myaccount.SignInPage"/>
  <testcase name="TC_SHEPLERS_SIP_002" time="16.981" classname="com.sheplers.testscripts.myaccount.SignInPage"/>
  <testcase name="TC_SHEPLERS_SIP_005" time="26.841" classname="com.sheplers.testscripts.myaccount.SignInPage"/>
  <testcase name="TC_SHEPLERS_SIP_004" time="20.477" classname="com.sheplers.testscripts.myaccount.SignInPage"/>
</testsuite> <!-- com.sheplers.testscripts.myaccount.SignInPage -->
