<?xml version="1.0" encoding="UTF-8"?>
<!-- Generated by org.testng.reporters.JUnitReportReporter -->
<testsuite skipped="0" hostname="Aspire1698" name="com.sheplers.testscripts.search.SearchRefinement" tests="12" failures="0" timestamp="28 Jul 2017 23:49:50 GMT" time="432.928" errors="0">
  <testcase name="TC_SHEPLERS_SR_004" time="37.237" classname="com.sheplers.testscripts.search.SearchRefinement"/>
  <testcase name="TC_SHEPLERS_SR_014" time="24.912" classname="com.sheplers.testscripts.search.SearchRefinement"/>
  <testcase name="TC_SHEPLERS_SR_010" time="37.289" classname="com.sheplers.testscripts.search.SearchRefinement"/>
  <testcase name="TC_SHEPLERS_SR_005" time="28.618" classname="com.sheplers.testscripts.search.SearchRefinement"/>
  <testcase name="TC_SHEPLERS_SR_008" time="43.341" classname="com.sheplers.testscripts.search.SearchRefinement"/>
  <testcase name="TC_SHEPLERS_SR_007" time="41.810" classname="com.sheplers.testscripts.search.SearchRefinement"/>
  <testcase name="TC_SHEPLERS_SR_003" time="28.608" classname="com.sheplers.testscripts.search.SearchRefinement"/>
  <testcase name="TC_SHEPLERS_SR_015" time="24.733" classname="com.sheplers.testscripts.search.SearchRefinement"/>
  <testcase name="TC_SHEPLERS_SR_009" time="87.392" classname="com.sheplers.testscripts.search.SearchRefinement"/>
  <testcase name="TC_SHEPLERS_SR_002" time="21.443" classname="com.sheplers.testscripts.search.SearchRefinement"/>
  <testcase name="TC_SHEPLERS_SR_001" time="24.506" classname="com.sheplers.testscripts.search.SearchRefinement"/>
  <testcase name="TC_SHEPLERS_SR_006" time="33.039" classname="com.sheplers.testscripts.search.SearchRefinement"/>
</testsuite> <!-- com.sheplers.testscripts.search.SearchRefinement -->
