<?xml version="1.0" encoding="UTF-8"?>
<!-- Generated by org.testng.reporters.JUnitReportReporter -->
<testsuite skipped="0" hostname="Aspire1698" name="com.sheplers.testscripts.cartcheckoutsection.ShippingDetails" tests="28" failures="0" timestamp="28 Jul 2017 23:49:50 GMT" time="3616.540" errors="0">
  <testcase name="TC_SHEPLERS_SD_024" time="163.383" classname="com.sheplers.testscripts.cartcheckoutsection.ShippingDetails"/>
  <testcase name="TC_SHEPLERS_SD_015" time="151.258" classname="com.sheplers.testscripts.cartcheckoutsection.ShippingDetails"/>
  <testcase name="TC_SHEPLERS_SD_005" time="184.522" classname="com.sheplers.testscripts.cartcheckoutsection.ShippingDetails"/>
  <testcase name="TC_SHEPLERS_SD_027" time="95.338" classname="com.sheplers.testscripts.cartcheckoutsection.ShippingDetails"/>
  <testcase name="TC_SHEPLERS_SD_008" time="128.736" classname="com.sheplers.testscripts.cartcheckoutsection.ShippingDetails"/>
  <testcase name="TC_SHEPLERS_SD_002" time="161.178" classname="com.sheplers.testscripts.cartcheckoutsection.ShippingDetails"/>
  <testcase name="TC_SHEPLERS_SD_011" time="147.325" classname="com.sheplers.testscripts.cartcheckoutsection.ShippingDetails"/>
  <testcase name="TC_SHEPLERS_SD_018" time="137.272" classname="com.sheplers.testscripts.cartcheckoutsection.ShippingDetails"/>
  <testcase name="TC_SHEPLERS_SD_009" time="74.231" classname="com.sheplers.testscripts.cartcheckoutsection.ShippingDetails"/>
  <testcase name="TC_SHEPLERS_SD_023" time="107.372" classname="com.sheplers.testscripts.cartcheckoutsection.ShippingDetails"/>
  <testcase name="TC_SHEPLERS_SD_003" time="144.789" classname="com.sheplers.testscripts.cartcheckoutsection.ShippingDetails"/>
  <testcase name="TC_SHEPLERS_SD_006" time="68.168" classname="com.sheplers.testscripts.cartcheckoutsection.ShippingDetails"/>
  <testcase name="TC_SHEPLERS_SD_007" time="124.899" classname="com.sheplers.testscripts.cartcheckoutsection.ShippingDetails"/>
  <testcase name="TC_SHEPLERS_SD_025" time="143.158" classname="com.sheplers.testscripts.cartcheckoutsection.ShippingDetails"/>
  <testcase name="TC_SHEPLERS_SD_021" time="129.485" classname="com.sheplers.testscripts.cartcheckoutsection.ShippingDetails"/>
  <testcase name="TC_SHEPLERS_SD_028" time="135.726" classname="com.sheplers.testscripts.cartcheckoutsection.ShippingDetails"/>
  <testcase name="TC_SHEPLERS_SD_017" time="183.464" classname="com.sheplers.testscripts.cartcheckoutsection.ShippingDetails"/>
  <testcase name="TC_SHEPLERS_SD_019" time="185.954" classname="com.sheplers.testscripts.cartcheckoutsection.ShippingDetails"/>
  <testcase name="TC_SHEPLERS_SD_016" time="120.183" classname="com.sheplers.testscripts.cartcheckoutsection.ShippingDetails"/>
  <testcase name="TC_SHEPLERS_SD_020" time="71.389" classname="com.sheplers.testscripts.cartcheckoutsection.ShippingDetails"/>
  <testcase name="TC_SHEPLERS_SD_004" time="152.593" classname="com.sheplers.testscripts.cartcheckoutsection.ShippingDetails"/>
  <testcase name="TC_SHEPLERS_SD_014" time="147.958" classname="com.sheplers.testscripts.cartcheckoutsection.ShippingDetails"/>
  <testcase name="TC_SHEPLERS_SD_012" time="82.550" classname="com.sheplers.testscripts.cartcheckoutsection.ShippingDetails"/>
  <testcase name="TC_SHEPLERS_SD_010" time="134.227" classname="com.sheplers.testscripts.cartcheckoutsection.ShippingDetails"/>
  <testcase name="TC_SHEPLERS_SD_022" time="107.290" classname="com.sheplers.testscripts.cartcheckoutsection.ShippingDetails"/>
  <testcase name="TC_SHEPLERS_SD_001" time="106.737" classname="com.sheplers.testscripts.cartcheckoutsection.ShippingDetails"/>
  <testcase name="TC_SHEPLERS_SD_026" time="148.520" classname="com.sheplers.testscripts.cartcheckoutsection.ShippingDetails"/>
  <testcase name="TC_SHEPLERS_SD_013" time="78.835" classname="com.sheplers.testscripts.cartcheckoutsection.ShippingDetails"/>
</testsuite> <!-- com.sheplers.testscripts.cartcheckoutsection.ShippingDetails -->
