<?xml version="1.0" encoding="UTF-8"?>
<!-- Generated by org.testng.reporters.JUnitReportReporter -->
<testsuite skipped="0" hostname="Aspire1698" name="com.sheplers.testscripts.cartcheckoutsection.OrderSummary" tests="4" failures="0" timestamp="28 Jul 2017 23:49:50 GMT" time="595.969" errors="0">
  <testcase name="TC_SHEPLERS_OS_002" time="170.791" classname="com.sheplers.testscripts.cartcheckoutsection.OrderSummary"/>
  <testcase name="TC_SHEPLERS_OS_003" time="123.423" classname="com.sheplers.testscripts.cartcheckoutsection.OrderSummary"/>
  <testcase name="TC_SHEPLERS_OS_001" time="215.121" classname="com.sheplers.testscripts.cartcheckoutsection.OrderSummary"/>
  <testcase name="TC_SHEPLERS_OS_004" time="86.634" classname="com.sheplers.testscripts.cartcheckoutsection.OrderSummary"/>
</testsuite> <!-- com.sheplers.testscripts.cartcheckoutsection.OrderSummary -->
