<?xml version="1.0" encoding="UTF-8"?>
<!-- Generated by org.testng.reporters.JUnitReportReporter -->
<testsuite skipped="0" hostname="Aspire1698" name="com.sheplers.testscripts.globalnavigation.GlobalNavigation" tests="12" failures="0" timestamp="28 Jul 2017 23:49:50 GMT" time="246.675" errors="0">
  <testcase name="TC_SHEPLERS_GN_007" time="33.592" classname="com.sheplers.testscripts.globalnavigation.GlobalNavigation"/>
  <testcase name="TC_SHEPLERS_GN_012" time="24.936" classname="com.sheplers.testscripts.globalnavigation.GlobalNavigation"/>
  <testcase name="TC_SHEPLERS_GN_008" time="22.292" classname="com.sheplers.testscripts.globalnavigation.GlobalNavigation"/>
  <testcase name="TC_SHEPLERS_GN_001" time="8.745" classname="com.sheplers.testscripts.globalnavigation.GlobalNavigation"/>
  <testcase name="TC_SHEPLERS_GN_002" time="8.822" classname="com.sheplers.testscripts.globalnavigation.GlobalNavigation"/>
  <testcase name="TC_SHEPLERS_GN_003" time="23.317" classname="com.sheplers.testscripts.globalnavigation.GlobalNavigation"/>
  <testcase name="TC_SHEPLERS_GN_005" time="22.834" classname="com.sheplers.testscripts.globalnavigation.GlobalNavigation"/>
  <testcase name="TC_SHEPLERS_GN_011" time="17.184" classname="com.sheplers.testscripts.globalnavigation.GlobalNavigation"/>
  <testcase name="TC_SHEPLERS_GN_009" time="22.026" classname="com.sheplers.testscripts.globalnavigation.GlobalNavigation"/>
  <testcase name="TC_SHEPLERS_GN_010" time="15.140" classname="com.sheplers.testscripts.globalnavigation.GlobalNavigation"/>
  <testcase name="TC_SHEPLERS_GN_006" time="23.916" classname="com.sheplers.testscripts.globalnavigation.GlobalNavigation"/>
  <testcase name="TC_SHEPLERS_GN_004" time="23.871" classname="com.sheplers.testscripts.globalnavigation.GlobalNavigation"/>
</testsuite> <!-- com.sheplers.testscripts.globalnavigation.GlobalNavigation -->
